01/17/2015 07:25:08 PM Logger iniciado
01/17/2015 07:25:08 PM Creada instancia de comunicacion con el Hardware
01/17/2015 07:25:08 PM Empiezan las comunicaciones con el Hardware HAL3270
01/17/2015 07:25:25 PM Logger iniciado
01/17/2015 07:25:25 PM Creada instancia de comunicacion con el Hardware
01/17/2015 07:25:25 PM Empiezan las comunicaciones con el Hardware HAL3270
01/17/2015 07:25:25 PM Evento Hardware: HAL3270v1,EST:MUE/005,ONLINE/0008/0070/0008/OFF,BATCH/0002/0020/0002/OFF,MP34/OFF
01/17/2015 07:25:32 PM Conexion perdida, inicia reconfiguracion del puerto de comunicaciones
01/17/2015 07:25:32 PM [Errno 101] Network is unreachable
01/17/2015 07:25:32 PM No hay mensaje de respuesta por el socket
01/17/2015 07:25:58 PM Evento Hardware: HAL3270v1,EST:MUE/020,ONLINE/0008/0070/0008/OFF,BATCH/0002/0020/0002/OFF,MP34/OFF
01/17/2015 07:26:37 PM Evento Hardware: HAL3270v1,EST:MUE/015,ONLINE/0008/0070/0008/OFF,BATCH/0002/0020/0002/OFF,MP34/OFF
01/17/2015 07:27:12 PM Evento Hardware: HAL3270v1,EST:MUE/020,ONLINE/0008/0070/0008/OFF,BATCH/0002/0020/0002/OFF,MP34/OFF
01/17/2015 07:28:25 PM Evento Hardware: HAL3270v1,EST:MUE/045,ONLINE/0008/0070/0008/OFF,BATCH/0002/0020/0002/OFF,MP34/OFF
01/17/2015 07:29:01 PM Evento Hardware: HAL3270v1,EST:MUE/030,ONLINE/0008/0070/0008/OFF,BATCH/0002/0020/0002/OFF,MP34/OFF
01/17/2015 07:41:11 PM Logger iniciado
01/17/2015 07:41:11 PM Creada instancia de comunicacion con el Hardware
01/17/2015 07:41:11 PM Empiezan las comunicaciones con el Hardware HAL3270
01/17/2015 07:41:11 PM Evento Hardware: HAL3270v1,EST:MUE/005,ONLINE/0008/0070/0008/OFF,BATCH/0002/0020/0002/OFF,MP34/OFF
01/17/2015 07:41:22 PM Conexion perdida, inicia reconfiguracion del puerto de comunicaciones
01/17/2015 07:41:22 PM timed out
01/17/2015 07:41:22 PM No hay mensaje de respuesta por el socket
01/17/2015 07:43:20 PM Logger iniciado
01/17/2015 07:43:20 PM Creada instancia de comunicacion con el Hardware
01/17/2015 07:43:20 PM Empiezan las comunicaciones con el Hardware HAL3270
01/17/2015 07:43:20 PM Evento Hardware: HAL3270v1,EST:MUE/005,ONLINE/0008/0070/0008/OFF,BATCH/0002/0020/0002/OFF,MP34/OFF
01/17/2015 07:43:31 PM Conexion perdida, inicia reconfiguracion del puerto de comunicaciones
01/17/2015 07:43:31 PM timed out
01/17/2015 07:43:31 PM No hay mensaje de respuesta por el socket
01/17/2015 07:43:41 PM Conexion perdida, inicia reconfiguracion del puerto de comunicaciones
01/17/2015 07:43:41 PM timed out
01/17/2015 07:43:41 PM No hay mensaje de respuesta por el socket
01/17/2015 07:44:54 PM Logger iniciado
01/17/2015 07:44:54 PM Creada instancia de comunicacion con el Hardware
01/17/2015 07:44:54 PM Empiezan las comunicaciones con el Hardware HAL3270
01/17/2015 07:44:54 PM Evento Hardware: HAL3270v1,EST:MUE/005,ONLINE/0008/0070/0008/OFF,BATCH/0002/0020/0002/OFF,MP34/OFF
01/17/2015 07:45:04 PM Conexion perdida, inicia reconfiguracion del puerto de comunicaciones
01/17/2015 07:45:04 PM timed out
01/17/2015 07:45:04 PM No hay mensaje de respuesta por el socket
01/17/2015 07:45:15 PM Conexion perdida, inicia reconfiguracion del puerto de comunicaciones
01/17/2015 07:45:15 PM timed out
01/17/2015 07:45:15 PM No hay mensaje de respuesta por el socket
01/17/2015 07:47:15 PM Logger iniciado
01/17/2015 07:47:15 PM Creada instancia de comunicacion con el Hardware
01/17/2015 07:47:15 PM Empiezan las comunicaciones con el Hardware HAL3270
01/17/2015 07:47:15 PM Evento Hardware: HAL3270v1,EST:MUE/005,ONLINE/0008/0070/0008/OFF,BATCH/0002/0020/0002/OFF,MP34/OFF
01/17/2015 07:47:25 PM Conexion perdida, inicia reconfiguracion del puerto de comunicaciones
01/17/2015 07:47:25 PM timed out
01/17/2015 07:47:25 PM No hay mensaje de respuesta por el socket
01/17/2015 07:47:36 PM Conexion perdida, inicia reconfiguracion del puerto de comunicaciones
01/17/2015 07:47:36 PM timed out
01/17/2015 07:47:36 PM No hay mensaje de respuesta por el socket
01/17/2015 07:47:51 PM Conexion perdida, inicia reconfiguracion del puerto de comunicaciones
01/17/2015 07:47:51 PM timed out
01/17/2015 07:47:51 PM No hay mensaje de respuesta por el socket
01/17/2015 07:48:20 PM Logger iniciado
01/17/2015 07:48:20 PM Creada instancia de comunicacion con el Hardware
01/17/2015 07:48:20 PM Empiezan las comunicaciones con el Hardware HAL3270
01/17/2015 07:48:20 PM Evento Hardware: HAL3270v1,EST:MUE/005,ONLINE/0008/0070/0008/OFF,BATCH/0002/0020/0002/OFF,MP34/OFF
01/17/2015 07:48:30 PM Conexion perdida, inicia reconfiguracion del puerto de comunicaciones
01/17/2015 07:48:30 PM timed out
01/17/2015 07:48:30 PM No hay mensaje de respuesta por el socket
01/17/2015 07:49:24 PM Logger iniciado
01/17/2015 07:49:24 PM Creada instancia de comunicacion con el Hardware
01/17/2015 07:49:24 PM Empiezan las comunicaciones con el Hardware HAL3270
01/17/2015 07:49:24 PM Evento Hardware: HAL3270v1,EST:MUE/005,ONLINE/0008/0070/0008/OFF,BATCH/0002/0020/0002/OFF,MP34/OFF
01/17/2015 07:49:35 PM Conexion perdida, inicia reconfiguracion del puerto de comunicaciones
01/17/2015 07:49:35 PM timed out
01/17/2015 07:49:35 PM No hay mensaje de respuesta por el socket
01/17/2015 07:49:45 PM Conexion perdida, inicia reconfiguracion del puerto de comunicaciones
01/17/2015 07:49:45 PM timed out
01/17/2015 07:49:45 PM No hay mensaje de respuesta por el socket
01/17/2015 07:50:01 PM Conexion perdida, inicia reconfiguracion del puerto de comunicaciones
01/17/2015 07:50:01 PM timed out
01/17/2015 07:50:01 PM No hay mensaje de respuesta por el socket
01/17/2015 07:50:21 PM Conexion perdida, inicia reconfiguracion del puerto de comunicaciones
01/17/2015 07:50:21 PM timed out
01/17/2015 07:50:21 PM No hay mensaje de respuesta por el socket
01/17/2015 07:50:28 PM Evento Hardware: HAL3270v1,EST:MUE/020,ONLINE/0008/0070/0008/OFF,BATCH/0002/0020/0002/OFF,MP34/OFF
01/17/2015 07:51:22 PM Conexion perdida, inicia reconfiguracion del puerto de comunicaciones
01/17/2015 07:51:22 PM [Errno 111] Connection refused
01/17/2015 07:51:26 PM Evento Hardware: HAL3270v1,EST:MUE/015,ONLINE/0008/0070/0008/OFF,BATCH/0002/0020/0002/OFF,MP34/OFF
01/17/2015 07:52:03 PM Evento Hardware: HAL3270v1,EST:MUE/050,ONLINE/0008/0070/0008/OFF,BATCH/0002/0020/0002/OFF,MP34/OFF
01/17/2015 07:53:35 PM Evento Hardware: HAL3270v1,EST:MUE/015,ONLINE/0008/0070/0008/OFF,BATCH/0002/0020/0002/OFF,MP34/OFF
01/17/2015 07:54:17 PM Evento Hardware: HAL3270v1,EST:MUE/055,ONLINE/0008/0070/0008/OFF,BATCH/0002/0020/0002/OFF,MP34/OFF
01/17/2015 07:54:54 PM Evento Hardware: HAL3270v1,EST:MUE/025,ONLINE/0008/0070/0008/OFF,BATCH/0002/0020/0002/OFF,MP34/OFF
01/17/2015 07:57:44 PM Logger iniciado
01/17/2015 07:57:44 PM Creada instancia de comunicacion con el Hardware
01/17/2015 07:57:44 PM Empiezan las comunicaciones con el Hardware HAL3270
01/17/2015 07:57:44 PM Puerto configurado correctamente: 192.168.0.103: 8888
01/17/2015 07:57:44 PM Evento Hardware: HAL3270v1,EST:MUE/005,ONLINE/0008/0070/0008/OFF,BATCH/0002/0020/0002/OFF,MP34/OFF
01/17/2015 07:57:50 PM Conexion perdida, inicia reconfiguracion del puerto de comunicaciones
01/17/2015 07:57:50 PM [Errno 111] Connection refused
01/17/2015 07:57:50 PM No hay mensaje de respuesta por el socket
01/17/2015 07:57:50 PM Puerto configurado correctamente: 192.168.0.103: 8888
01/17/2015 07:57:55 PM Conexion perdida, inicia reconfiguracion del puerto de comunicaciones
01/17/2015 07:57:55 PM [Errno 111] Connection refused
01/17/2015 07:57:55 PM No hay mensaje de respuesta por el socket
01/17/2015 07:58:05 PM Puerto configurado correctamente: 192.168.0.103: 8888
01/17/2015 07:58:29 PM Evento Hardware: HAL3270v1,EST:MUE/035,ONLINE/0008/0070/0008/OFF,BATCH/0002/0020/0002/OFF,MP34/OFF
01/17/2015 08:00:50 PM Logger iniciado
01/17/2015 08:00:50 PM Creada instancia de comunicacion con el Hardware
01/17/2015 08:00:50 PM Empiezan las comunicaciones con el Hardware HAL3270
01/17/2015 08:00:50 PM Puerto configurado correctamente: 192.168.0.103:8888
01/17/2015 08:00:50 PM Evento Hardware: HAL3270v1,EST:MUE/005,ONLINE/0008/0070/0008/OFF,BATCH/0002/0020/0002/OFF,MP34/OFF
01/17/2015 08:00:55 PM Conexion perdida, inicia reconfiguracion del puerto de comunicaciones
01/17/2015 08:00:55 PM [Errno 111] Connection refused
01/17/2015 08:00:55 PM No hay mensaje de respuesta por el socket
01/17/2015 08:00:55 PM Puerto configurado correctamente: 192.168.0.103:8888
01/17/2015 08:01:01 PM Conexion perdida, inicia reconfiguracion del puerto de comunicaciones
01/17/2015 08:01:01 PM [Errno 111] Connection refused
01/17/2015 08:01:01 PM No hay mensaje de respuesta por el socket
01/17/2015 08:01:11 PM Puerto configurado correctamente: 192.168.0.103:8888
01/17/2015 08:01:49 PM Evento Hardware: HAL3270v1,EST:MUE/050,ONLINE/0008/0070/0008/OFF,BATCH/0002/0020/0002/OFF,MP34/OFF
01/17/2015 08:02:39 PM Conexion perdida, inicia reconfiguracion del puerto de comunicaciones
01/17/2015 08:02:39 PM [Errno 111] Connection refused
01/17/2015 08:02:45 PM Evento Hardware: HAL3270v1,EST:MUE/020,ONLINE/0008/0070/0008/OFF,BATCH/0002/0020/0002/OFF,MP34/OFF
01/17/2015 08:02:54 PM Puerto configurado correctamente: 192.168.0.103:8888
01/17/2015 08:03:33 PM Evento Hardware: HAL3270v1,EST:MUE/030,ONLINE/0008/0070/0008/OFF,BATCH/0002/0020/0002/OFF,MP34/OFF
01/17/2015 08:04:35 PM Evento Hardware: HAL3270v1,EST:MUE/035,ONLINE/0008/0070/0008/OFF,BATCH/0002/0020/0002/OFF,MP34/OFF
01/17/2015 08:10:12 PM Logger iniciado
01/17/2015 08:10:12 PM Creada instancia de comunicacion con el Hardware
01/17/2015 08:10:12 PM Empiezan las comunicaciones con el Hardware HAL3270
01/17/2015 08:10:12 PM Puerto configurado correctamente: 192.168.0.103:8888
01/17/2015 08:10:12 PM Evento Hardware: HAL3270v1,EST:MUE/005,ONLINE/0008/0070/0008/OFF,BATCH/0002/0020/0002/OFF,MP34/OFF
01/17/2015 08:12:15 PM Logger iniciado
01/17/2015 08:12:15 PM Creada instancia de comunicacion con el Hardware
01/17/2015 08:12:16 PM Empiezan las comunicaciones con el Hardware HAL3270
01/17/2015 08:12:16 PM Puerto configurado correctamente: 192.168.0.103:8888
01/17/2015 08:12:16 PM Evento Hardware: HAL3270v1,EST:MUE/005,ONLINE/0008/0070/0008/OFF,BATCH/0002/0020/0002/OFF,MP34/OFF
01/17/2015 08:13:27 PM Evento Hardware: HAL3270v1,EST:MUE/015,ONLINE/0008/0070/0008/OFF,BATCH/0002/0020/0002/OFF,MP34/OFF
01/17/2015 08:14:13 PM Evento Hardware: HAL3270v1,EST:MUE/030,ONLINE/0008/0070/0008/OFF,BATCH/0002/0020/0002/OFF,MP34/OFF
01/17/2015 08:14:44 PM Evento Hardware: HAL3270v1,EST:MUE/045,ONLINE/0008/0070/0008/OFF,BATCH/0002/0020/0002/OFF,MP34/OFF
01/17/2015 08:15:39 PM Evento Hardware: HAL3270v1,EST:MUE/050,ONLINE/0008/0070/0008/OFF,BATCH/0002/0020/0002/OFF,MP34/OFF
01/17/2015 08:17:00 PM Evento Hardware: HAL3270v1,EST:MUE/055,ONLINE/0008/0070/0008/OFF,BATCH/0002/0020/0002/OFF,MP34/OFF
01/17/2015 08:17:38 PM Evento Hardware: HAL3270v1,EST:MUE/025,ONLINE/0008/0070/0008/OFF,BATCH/0002/0020/0002/OFF,MP34/OFF
01/17/2015 08:18:34 PM Evento Hardware: HAL3270v1,EST:MUE/010,ONLINE/0008/0070/0008/OFF,BATCH/0002/0020/0002/OFF,MP34/OFF
01/17/2015 08:19:06 PM Evento Hardware: HAL3270v1,EST:MUE/045,ONLINE/0008/0070/0008/OFF,BATCH/0002/0020/0002/OFF,MP34/OFF
01/17/2015 08:19:51 PM Evento Hardware: HAL3270v1,EST:MUE/035,ONLINE/0008/0070/0008/OFF,BATCH/0002/0020/0002/OFF,MP34/OFF
01/17/2015 08:20:46 PM Evento Hardware: HAL3270v1,EST:MUE/010,ONLINE/0008/0070/0008/OFF,BATCH/0002/0020/0002/OFF,MP34/OFF
01/17/2015 08:21:52 PM Evento Hardware: HAL3270v1,EST:MUE/005,ONLINE/0008/0070/0008/OFF,BATCH/0002/0020/0002/OFF,MP34/OFF
01/17/2015 08:23:39 PM Evento Hardware: HAL3270v1,EST:MUE/025,ONLINE/0008/0070/0008/OFF,BATCH/0002/0020/0002/OFF,MP34/OFF
01/17/2015 08:24:47 PM Evento Hardware: HAL3270v1,EST:MUE/010,ONLINE/0008/0070/0008/OFF,BATCH/0002/0020/0002/OFF,MP34/OFF
01/17/2015 08:25:26 PM Evento Hardware: HAL3270v1,EST:MUE/045,ONLINE/0008/0070/0008/OFF,BATCH/0002/0020/0002/OFF,MP34/OFF
01/17/2015 08:27:00 PM Evento Hardware: HAL3270v1,EST:MUE/010,ONLINE/0008/0070/0008/OFF,BATCH/0002/0020/0002/OFF,MP34/OFF
01/17/2015 08:27:33 PM Evento Hardware: HAL3270v1,EST:MUE/050,ONLINE/0008/0070/0008/OFF,BATCH/0002/0020/0002/OFF,MP34/OFF
01/17/2015 08:28:06 PM Evento Hardware: HAL3270v1,EST:MUE/025,ONLINE/0008/0070/0008/OFF,BATCH/0002/0020/0002/OFF,MP34/OFF
01/17/2015 08:29:15 PM Evento Hardware: HAL3270v1,EST:MUE/045,ONLINE/0008/0070/0008/OFF,BATCH/0002/0020/0002/OFF,MP34/OFF
01/17/2015 08:30:01 PM Evento Hardware: HAL3270v1,EST:MUE/010,ONLINE/0008/0070/0008/OFF,BATCH/0002/0020/0002/OFF,MP34/OFF
01/17/2015 08:30:46 PM Evento Hardware: HAL3270v1,EST:MUE/045,ONLINE/0008/0070/0008/OFF,BATCH/0002/0020/0002/OFF,MP34/OFF
01/17/2015 08:31:11 PM Evento Hardware: HAL3270v1,EST:MUE/005,ONLINE/0008/0070/0008/OFF,BATCH/0002/0020/0002/OFF,MP34/OFF
01/17/2015 08:32:02 PM Evento Hardware: HAL3270v1,EST:MUE/030,ONLINE/0008/0070/0008/OFF,BATCH/0002/0020/0002/OFF,MP34/OFF
01/17/2015 08:32:50 PM Evento Hardware: HAL3270v1,EST:MUE/015,ONLINE/0008/0070/0008/OFF,BATCH/0002/0020/0002/OFF,MP34/OFF
01/17/2015 08:33:36 PM Evento Hardware: HAL3270v1,EST:MUE/010,ONLINE/0008/0070/0008/OFF,BATCH/0002/0020/0002/OFF,MP34/OFF
01/17/2015 08:34:17 PM Evento Hardware: HAL3270v1,EST:MUE/050,ONLINE/0008/0070/0008/OFF,BATCH/0002/0020/0002/OFF,MP34/OFF
01/17/2015 08:35:13 PM Evento Hardware: HAL3270v1,EST:MUE/015,ONLINE/0008/0070/0008/OFF,BATCH/0002/0020/0002/OFF,MP34/OFF
01/17/2015 08:36:14 PM Evento Hardware: HAL3270v1,EST:MUE/010,ONLINE/0008/0070/0008/OFF,BATCH/0002/0020/0002/OFF,MP34/OFF
01/17/2015 08:37:06 PM Evento Hardware: HAL3270v1,EST:MUE/045,ONLINE/0008/0070/0008/OFF,BATCH/0002/0020/0002/OFF,MP34/OFF
01/17/2015 08:37:35 PM Evento Hardware: HAL3270v1,EST:MUE/030,ONLINE/0008/0070/0008/OFF,BATCH/0002/0020/0002/OFF,MP34/OFF
01/17/2015 08:38:52 PM Evento Hardware: HAL3270v1,EST:MUE/015,ONLINE/0008/0070/0008/OFF,BATCH/0002/0020/0002/OFF,MP34/OFF
01/17/2015 08:40:32 PM Evento Hardware: HAL3270v1,EST:MUE/025,ONLINE/0008/0070/0008/OFF,BATCH/0002/0020/0002/OFF,MP34/OFF
01/17/2015 08:42:18 PM Evento Hardware: HAL3270v1,EST:MUE/005,ONLINE/0008/0070/0008/OFF,BATCH/0002/0020/0002/OFF,MP34/OFF
01/17/2015 08:42:55 PM Evento Hardware: HAL3270v1,EST:MUE/055,ONLINE/0008/0070/0008/OFF,BATCH/0002/0020/0002/OFF,MP34/OFF
01/17/2015 08:43:50 PM Evento Hardware: HAL3270v1,EST:MUE/010,ONLINE/0008/0070/0008/OFF,BATCH/0002/0020/0002/OFF,MP34/OFF
01/17/2015 08:45:13 PM Evento Hardware: HAL3270v1,EST:MUE/015,ONLINE/0008/0070/0008/OFF,BATCH/0002/0020/0002/OFF,MP34/OFF
01/17/2015 08:46:04 PM Evento Hardware: HAL3270v1,EST:MUE/020,ONLINE/0008/0070/0008/OFF,BATCH/0002/0020/0002/OFF,MP34/OFF
01/17/2015 08:46:57 PM Evento Hardware: HAL3270v1,EST:MUE/010,ONLINE/0008/0070/0008/OFF,BATCH/0002/0020/0002/OFF,MP34/OFF
01/17/2015 08:47:33 PM Evento Hardware: HAL3270v1,EST:MUE/045,ONLINE/0008/0070/0008/OFF,BATCH/0002/0020/0002/OFF,MP34/OFF
01/17/2015 08:48:13 PM Evento Hardware: HAL3270v1,EST:MUE/025,ONLINE/0008/0070/0008/OFF,BATCH/0002/0020/0002/OFF,MP34/OFF
01/17/2015 08:49:13 PM Evento Hardware: HAL3270v1,EST:MUE/050,ONLINE/0008/0070/0008/OFF,BATCH/0002/0020/0002/OFF,MP34/OFF
01/17/2015 08:49:54 PM Evento Hardware: HAL3270v1,EST:MUE/025,ONLINE/0008/0070/0008/OFF,BATCH/0002/0020/0002/OFF,MP34/OFF
01/17/2015 08:50:18 PM Evento Hardware: HAL3270v1,EST:MUE/030,ONLINE/0008/0070/0008/OFF,BATCH/0002/0020/0002/OFF,MP34/OFF
01/17/2015 08:51:43 PM Evento Hardware: HAL3270v1,EST:MUE/020,ONLINE/0008/0070/0008/OFF,BATCH/0002/0020/0002/OFF,MP34/OFF
01/17/2015 08:52:30 PM Evento Hardware: HAL3270v1,EST:MUE/035,ONLINE/0008/0070/0008/OFF,BATCH/0002/0020/0002/OFF,MP34/OFF
01/17/2015 08:54:27 PM Evento Hardware: HAL3270v1,EST:MUE/015,ONLINE/0008/0070/0008/OFF,BATCH/0002/0020/0002/OFF,MP34/OFF
01/17/2015 08:55:29 PM Evento Hardware: HAL3270v1,EST:MUE/050,ONLINE/0008/0070/0008/OFF,BATCH/0002/0020/0002/OFF,MP34/OFF
01/17/2015 08:56:04 PM Evento Hardware: HAL3270v1,EST:MUE/020,ONLINE/0008/0070/0008/OFF,BATCH/0002/0020/0002/OFF,MP34/OFF
01/17/2015 08:56:41 PM Evento Hardware: HAL3270v1,EST:MUE/010,ONLINE/0008/0070/0008/OFF,BATCH/0002/0020/0002/OFF,MP34/OFF
01/17/2015 08:57:16 PM Evento Hardware: HAL3270v1,EST:MUE/055,ONLINE/0008/0070/0008/OFF,BATCH/0002/0020/0002/OFF,MP34/OFF
01/17/2015 08:58:17 PM Evento Hardware: HAL3270v1,EST:MUE/030,ONLINE/0008/0070/0008/OFF,BATCH/0002/0020/0002/OFF,MP34/OFF
01/17/2015 08:58:41 PM Evento Hardware: HAL3270v1,EST:MUE/035,ONLINE/0008/0070/0008/OFF,BATCH/0002/0020/0002/OFF,MP34/OFF
01/17/2015 08:59:41 PM Evento Hardware: HAL3270v1,EST:MUE/045,ONLINE/0008/0070/0008/OFF,BATCH/0002/0020/0002/OFF,MP34/OFF
01/17/2015 09:00:49 PM Evento Hardware: HAL3270v1,EST:MUE/055,ONLINE/0008/0070/0008/OFF,BATCH/0002/0020/0002/OFF,MP34/OFF
01/17/2015 09:01:22 PM Evento Hardware: HAL3270v1,EST:MUE/015,ONLINE/0008/0070/0008/OFF,BATCH/0002/0020/0002/OFF,MP34/OFF
01/17/2015 09:02:58 PM Evento Hardware: HAL3270v1,EST:MUE/005,ONLINE/0008/0070/0008/OFF,BATCH/0002/0020/0002/OFF,MP34/OFF
01/17/2015 09:03:54 PM Evento Hardware: HAL3270v1,EST:MUE/035,ONLINE/0008/0070/0008/OFF,BATCH/0002/0020/0002/OFF,MP34/OFF
01/17/2015 09:04:49 PM Evento Hardware: HAL3270v1,EST:MUE/050,ONLINE/0008/0070/0008/OFF,BATCH/0002/0020/0002/OFF,MP34/OFF
01/17/2015 09:05:35 PM Evento Hardware: HAL3270v1,EST:MUE/055,ONLINE/0008/0070/0008/OFF,BATCH/0002/0020/0002/OFF,MP34/OFF
01/17/2015 09:06:39 PM Evento Hardware: HAL3270v1,EST:MUE/050,ONLINE/0008/0070/0008/OFF,BATCH/0002/0020/0002/OFF,MP34/OFF
01/17/2015 09:07:25 PM Evento Hardware: HAL3270v1,EST:MUE/055,ONLINE/0008/0070/0008/OFF,BATCH/0002/0020/0002/OFF,MP34/OFF
01/17/2015 09:08:09 PM Evento Hardware: HAL3270v1,EST:MUE/020,ONLINE/0008/0070/0008/OFF,BATCH/0002/0020/0002/OFF,MP34/OFF
01/17/2015 09:08:57 PM Evento Hardware: HAL3270v1,EST:MUE/025,ONLINE/0008/0070/0008/OFF,BATCH/0002/0020/0002/OFF,MP34/OFF
01/17/2015 09:09:45 PM Evento Hardware: HAL3270v1,EST:MUE/015,ONLINE/0008/0070/0008/OFF,BATCH/0002/0020/0002/OFF,MP34/OFF
01/17/2015 09:10:32 PM Evento Hardware: HAL3270v1,EST:MUE/030,ONLINE/0008/0070/0008/OFF,BATCH/0002/0020/0002/OFF,MP34/OFF
01/17/2015 09:11:42 PM Evento Hardware: HAL3270v1,EST:MUE/010,ONLINE/0008/0070/0008/OFF,BATCH/0002/0020/0002/OFF,MP34/OFF
01/17/2015 09:12:59 PM Evento Hardware: HAL3270v1,EST:MUE/055,ONLINE/0008/0070/0008/OFF,BATCH/0002/0020/0002/OFF,MP34/OFF
01/17/2015 09:13:48 PM Evento Hardware: HAL3270v1,EST:MUE/015,ONLINE/0008/0070/0008/OFF,BATCH/0002/0020/0002/OFF,MP34/OFF
01/17/2015 09:14:22 PM Evento Hardware: HAL3270v1,EST:MUE/055,ONLINE/0008/0070/0008/OFF,BATCH/0002/0020/0002/OFF,MP34/OFF
01/17/2015 09:15:12 PM Evento Hardware: HAL3270v1,EST:MUE/050,ONLINE/0008/0070/0008/OFF,BATCH/0002/0020/0002/OFF,MP34/OFF
01/17/2015 09:15:48 PM Evento Hardware: HAL3270v1,EST:MUE/005,ONLINE/0008/0070/0008/OFF,BATCH/0002/0020/0002/OFF,MP34/OFF
01/17/2015 09:16:26 PM Evento Hardware: HAL3270v1,EST:MUE/035,ONLINE/0008/0070/0008/OFF,BATCH/0002/0020/0002/OFF,MP34/OFF
01/17/2015 09:18:05 PM Evento Hardware: HAL3270v1,EST:MUE/050,ONLINE/0008/0070/0008/OFF,BATCH/0002/0020/0002/OFF,MP34/OFF
01/17/2015 09:18:49 PM Evento Hardware: HAL3270v1,EST:MUE/010,ONLINE/0008/0070/0008/OFF,BATCH/0002/0020/0002/OFF,MP34/OFF
01/17/2015 09:19:58 PM Evento Hardware: HAL3270v1,EST:MUE/020,ONLINE/0008/0070/0008/OFF,BATCH/0002/0020/0002/OFF,MP34/OFF
01/17/2015 09:20:51 PM Evento Hardware: HAL3270v1,EST:MUE/030,ONLINE/0008/0070/0008/OFF,BATCH/0002/0020/0002/OFF,MP34/OFF
01/17/2015 09:21:38 PM Evento Hardware: HAL3270v1,EST:MUE/005,ONLINE/0008/0070/0008/OFF,BATCH/0002/0020/0002/OFF,MP34/OFF
01/17/2015 09:22:43 PM Evento Hardware: HAL3270v1,EST:MUE/030,ONLINE/0008/0070/0008/OFF,BATCH/0002/0020/0002/OFF,MP34/OFF
01/17/2015 09:23:53 PM Evento Hardware: HAL3270v1,EST:MUE/020,ONLINE/0008/0070/0008/OFF,BATCH/0002/0020/0002/OFF,MP34/OFF
01/17/2015 09:24:37 PM Evento Hardware: HAL3270v1,EST:MUE/035,ONLINE/0008/0070/0008/OFF,BATCH/0002/0020/0002/OFF,MP34/OFF
01/17/2015 09:25:22 PM Evento Hardware: HAL3270v1,EST:MUE/025,ONLINE/0008/0070/0008/OFF,BATCH/0002/0020/0002/OFF,MP34/OFF
01/17/2015 09:26:12 PM Evento Hardware: HAL3270v1,EST:MUE/050,ONLINE/0008/0070/0008/OFF,BATCH/0002/0020/0002/OFF,MP34/OFF
01/17/2015 09:27:54 PM Evento Hardware: HAL3270v1,EST:MUE/010,ONLINE/0008/0070/0008/OFF,BATCH/0002/0020/0002/OFF,MP34/OFF
01/17/2015 09:28:55 PM Evento Hardware: HAL3270v1,EST:MUE/045,ONLINE/0008/0070/0008/OFF,BATCH/0002/0020/0002/OFF,MP34/OFF
01/17/2015 09:29:45 PM Evento Hardware: HAL3270v1,EST:MUE/025,ONLINE/0008/0070/0008/OFF,BATCH/0002/0020/0002/OFF,MP34/OFF
01/17/2015 09:30:44 PM Evento Hardware: HAL3270v1,EST:MUE/050,ONLINE/0008/0070/0008/OFF,BATCH/0002/0020/0002/OFF,MP34/OFF
01/17/2015 09:31:46 PM Evento Hardware: HAL3270v1,EST:MUE/015,ONLINE/0008/0070/0008/OFF,BATCH/0002/0020/0002/OFF,MP34/OFF
01/17/2015 09:32:37 PM Evento Hardware: HAL3270v1,EST:MUE/020,ONLINE/0008/0070/0008/OFF,BATCH/0002/0020/0002/OFF,MP34/OFF
01/17/2015 09:34:34 PM Evento Hardware: HAL3270v1,EST:MUE/015,ONLINE/0008/0070/0008/OFF,BATCH/0002/0020/0002/OFF,MP34/OFF
01/17/2015 09:35:33 PM Evento Hardware: HAL3270v1,EST:MUE/025,ONLINE/0008/0070/0008/OFF,BATCH/0002/0020/0002/OFF,MP34/OFF
01/17/2015 09:36:38 PM Evento Hardware: HAL3270v1,EST:MUE/005,ONLINE/0008/0070/0008/OFF,BATCH/0002/0020/0002/OFF,MP34/OFF
01/17/2015 09:37:11 PM Evento Hardware: HAL3270v1,EST:MUE/020,ONLINE/0008/0070/0008/OFF,BATCH/0002/0020/0002/OFF,MP34/OFF
01/17/2015 09:38:14 PM Evento Hardware: HAL3270v1,EST:MUE/050,ONLINE/0008/0070/0008/OFF,BATCH/0002/0020/0002/OFF,MP34/OFF
01/17/2015 09:39:15 PM Evento Hardware: HAL3270v1,EST:MUE/010,ONLINE/0008/0070/0008/OFF,BATCH/0002/0020/0002/OFF,MP34/OFF
01/17/2015 09:40:06 PM Evento Hardware: HAL3270v1,EST:MUE/015,ONLINE/0008/0070/0008/OFF,BATCH/0002/0020/0002/OFF,MP34/OFF
01/17/2015 09:41:03 PM Evento Hardware: HAL3270v1,EST:MUE/010,ONLINE/0008/0070/0008/OFF,BATCH/0002/0020/0002/OFF,MP34/OFF
01/17/2015 09:41:59 PM Evento Hardware: HAL3270v1,EST:MUE/005,ONLINE/0008/0070/0008/OFF,BATCH/0002/0020/0002/OFF,MP34/OFF
01/17/2015 09:42:53 PM Evento Hardware: HAL3270v1,EST:MUE/050,ONLINE/0008/0070/0008/OFF,BATCH/0002/0020/0002/OFF,MP34/OFF
01/17/2015 09:43:42 PM Evento Hardware: HAL3270v1,EST:MUE/010,ONLINE/0008/0070/0008/OFF,BATCH/0002/0020/0002/OFF,MP34/OFF
01/17/2015 09:44:23 PM Evento Hardware: HAL3270v1,EST:MUE/005,ONLINE/0008/0070/0008/OFF,BATCH/0002/0020/0002/OFF,MP34/OFF
01/17/2015 09:45:32 PM Evento Hardware: HAL3270v1,EST:MUE/035,ONLINE/0008/0070/0008/OFF,BATCH/0002/0020/0002/OFF,MP34/OFF
01/17/2015 09:46:19 PM Evento Hardware: HAL3270v1,EST:MUE/010,ONLINE/0008/0070/0008/OFF,BATCH/0002/0020/0002/OFF,MP34/OFF
01/17/2015 09:47:12 PM Evento Hardware: HAL3270v1,EST:MUE/015,ONLINE/0008/0070/0008/OFF,BATCH/0002/0020/0002/OFF,MP34/OFF
01/17/2015 09:48:08 PM Evento Hardware: HAL3270v1,EST:MUE/050,ONLINE/0008/0070/0008/OFF,BATCH/0002/0020/0002/OFF,MP34/OFF
01/17/2015 09:49:07 PM Evento Hardware: HAL3270v1,EST:MUE/005,ONLINE/0008/0070/0008/OFF,BATCH/0002/0020/0002/OFF,MP34/OFF
01/17/2015 09:50:12 PM Evento Hardware: HAL3270v1,EST:MUE/010,ONLINE/0008/0070/0008/OFF,BATCH/0002/0020/0002/OFF,MP34/OFF
01/17/2015 09:51:16 PM Evento Hardware: HAL3270v1,EST:MUE/050,ONLINE/0008/0070/0008/OFF,BATCH/0002/0020/0002/OFF,MP34/OFF
01/17/2015 09:53:05 PM Evento Hardware: HAL3270v1,EST:MUE/055,ONLINE/0008/0070/0008/OFF,BATCH/0002/0020/0002/OFF,MP34/OFF
01/17/2015 09:54:01 PM Evento Hardware: HAL3270v1,EST:MUE/015,ONLINE/0008/0070/0008/OFF,BATCH/0002/0020/0002/OFF,MP34/OFF
01/17/2015 09:54:51 PM Evento Hardware: HAL3270v1,EST:MUE/050,ONLINE/0008/0070/0008/OFF,BATCH/0002/0020/0002/OFF,MP34/OFF
01/17/2015 09:55:46 PM Evento Hardware: HAL3270v1,EST:MUE/030,ONLINE/0008/0070/0008/OFF,BATCH/0002/0020/0002/OFF,MP34/OFF
01/18/2015 12:48:30 AM Logger iniciado
01/18/2015 12:48:30 AM Creada instancia de comunicacion con el Hardware
01/18/2015 12:48:30 AM Empiezan las comunicaciones con el Hardware HAL3270
01/18/2015 12:48:30 AM Puerto configurado correctamente: 192.168.0.103:8888
01/18/2015 12:48:30 AM Evento Hardware: HAL3270v1,EST:MUE/005,ONLINE/0008/0070/0008/OFF,BATCH/0002/0020/0002/OFF,MP34/OFF
01/18/2015 12:49:16 AM Evento Hardware: HAL3270v1,EST:MUE/050,ONLINE/0008/0070/0008/OFF,BATCH/0002/0020/0002/OFF,MP34/OFF
01/18/2015 12:50:29 AM Evento Hardware: HAL3270v1,EST:MUE/055,ONLINE/0008/0070/0008/OFF,BATCH/0002/0020/0002/OFF,MP34/OFF
01/18/2015 12:50:59 AM Conexion perdida, inicia reconfiguracion del puerto de comunicaciones
01/18/2015 12:50:59 AM [Errno 111] Connection refused
01/18/2015 12:50:59 AM Puerto configurado correctamente: 192.168.0.103:8888
01/18/2015 12:51:14 AM Puerto configurado correctamente: 192.168.0.103:8888
01/18/2015 12:51:30 AM Puerto configurado correctamente: 192.168.0.103:8888
01/18/2015 12:51:41 AM Evento Hardware: HAL3270v1,EST:MUE/025,ONLINE/0008/0070/0008/OFF,BATCH/0002/0020/0002/OFF,MP34/OFF
WARNING:root:Logger iniciado
01/18/2015 12:04:05 PM Logger iniciado
01/18/2015 12:04:05 PM Creada instancia de comunicacion con el Hardware
01/18/2015 12:04:05 PM Empiezan las comunicaciones con el Hardware HAL3270
01/18/2015 12:04:05 PM Puerto configurado correctamente: 192.168.0.101:8888
01/18/2015 12:04:05 PM Evento Hardware: HAL3270v1,EST:MUE/005,ONLINE/0008/0070/0008/OFF,BATCH/0002/0020/0002/OFF,MP34/OFF
01/18/2015 12:04:56 PM Evento Hardware: HAL3270v1,EST:MUE/030,ONLINE/0008/0070/0008/OFF,BATCH/0002/0020/0002/OFF,MP34/OFF
01/20/2015 11:43:35 AM Logger iniciado
01/20/2015 11:43:35 AM Librerias cargadas
01/20/2015 11:43:35 AM Inicia configuracion de librerias
01/20/2015 11:43:35 AM Empieza el montaje simbolico del puerto de combinacion
01/20/2015 11:43:45 AM Creada instancia de comunicacion con el Hardware
01/20/2015 11:43:45 AM Empiezan las comunicaciones con el Hardware HAL3270
01/20/2015 11:43:45 AM Puerto configurado correctamente: 192.168.0.101:8888
01/20/2015 11:43:45 AM Evento Hardware: HAL3270v1,EST:MUE/005,ONLINE/0008/0070/0008/OFF,BATCH/0002/0020/0002/OFF,MP34/OFF
01/20/2015 11:43:53 AM Conexion perdida, inicia reconfiguracion del puerto de comunicaciones
01/20/2015 11:43:53 AM [Errno 113] No route to host
01/20/2015 11:43:53 AM No hay mensaje de respuesta por el socket
01/20/2015 11:43:53 AM Puerto configurado correctamente: 192.168.0.101:8888
01/20/2015 11:44:02 AM Conexion perdida, inicia reconfiguracion del puerto de comunicaciones
01/20/2015 11:44:02 AM [Errno 113] No route to host
01/20/2015 11:44:02 AM No hay mensaje de respuesta por el socket
01/20/2015 11:44:12 AM Puerto configurado correctamente: 192.168.0.101:8888
01/20/2015 11:44:15 AM Conexion perdida, inicia reconfiguracion del puerto de comunicaciones
01/20/2015 11:44:15 AM [Errno 113] No route to host
01/20/2015 11:44:15 AM No hay mensaje de respuesta por el socket
01/20/2015 11:44:30 AM Puerto configurado correctamente: 192.168.0.101:8888
01/20/2015 11:44:34 AM Conexion perdida, inicia reconfiguracion del puerto de comunicaciones
01/20/2015 11:44:34 AM [Errno 113] No route to host
01/20/2015 11:44:34 AM No hay mensaje de respuesta por el socket
01/20/2015 11:44:49 AM Puerto configurado correctamente: 192.168.2.108:8888
01/20/2015 11:45:32 AM Logger iniciado
01/20/2015 11:45:32 AM Librerias cargadas
01/20/2015 11:45:32 AM Inicia configuracion de librerias
01/20/2015 11:45:32 AM Empieza el montaje simbolico del puerto de combinacion
01/20/2015 11:45:42 AM Creada instancia de comunicacion con el Hardware
01/20/2015 11:45:42 AM Empiezan las comunicaciones con el Hardware HAL3270
01/20/2015 11:45:42 AM Puerto configurado correctamente: 192.168.2.108:8888
01/20/2015 11:45:42 AM Evento Hardware: HAL3270v1,EST:MUE/005,ONLINE/0008/0070/0008/OFF,BATCH/0002/0020/0002/OFF,MP34/OFF
